{"logTime": "0309/195629", "correlationVector":"C387DfnKAI9GM7kJiYDtrS.1","action":"SyncServerConnectionManagerRequest", "result":"SYNC_SERVER_OK", "context":{"environment":"Prod_germanywestcentral_prod-s01-011-eur-germanywestcentral", "migrationStage":"NotStarted", "server":"akswtt00500000u"}}
{"logTime": "0309/195629", "correlationVector":"C387DfnKAI9GM7kJiYDtrS.2","action":"ProcessGetUpdates", "result":"Done", "context":{"dataType":"Encryption Keys", "deleted":"0", "process_failed_to_decrypt":"0", "process_pending_decryption":"0", "process_success":"1", "total":"1"}}
{"logTime": "0309/195630", "correlationVector":"nvpZukJw3HhTYQZ6siJz9p","action":"SyncServerConnectionManagerRequest", "result":"SYNC_SERVER_OK", "context":{"environment":"", "migrationStage":"", "server":""}}
{"logTime": "0309/195630", "correlationVector":"nvpZukJw3HhTYQZ6siJz9p.0","action":"EncryptionKeysFetcher.DownloadKeys:", "result":"Success", "context":Key count: 10, Last key timestamp: 2025-03-01T17:34:46Z}
{"logTime": "0309/195630", "correlationVector":"nvpZukJw3HhTYQZ6siJz9p.1","action":"EncryptionKeysManager::SetEncryptionKeys:", "result":"Success", "context":Key names[10]:[MbnZOL14wzpk23z0K6drrSsnBkyd7aR1pAgUrdtiJjdc/AVX921r19ULk4MBDaOMS4SOnh7QsYSB+YXi6ppHAw==][WpAeYJQ07UtsxLpbk7lJAXvGcFhMxlkKehBfFyQdad0C33F/4XhU85OBpRNoeSCT0KWVVFgasGr0ySlgZqm5Bw==][KH5qLIKVXjnBcz+IbzKeVFQ5MbDwq/dRb/7TLmgfrI/6hTQ2kGo1LH9kbANHGu2SdYK55rHqTKcSFg9tiPuS0A==][Iayz+/zA4lzQGmqSa1XfuTQ73VGtr7DWrJUZm/fpYjDF3RNrFsqmP4/mykVDyDnF5qj0icLW0u7l5u+JvljI2Q==][dFgfqWfFhPSlUBt7tgNQsL07BQpH5eC5zrQew0yHU1Cio2+nBg2XrUVQ1zeYo60OeIM3ITnjpy+y+t8p9+8MIA==][Gxtd4uF2RTfh1E3r5joT5i+yOtcPWzPHoIBjX+Wg+MXGEQr40CA33TxPRRBevT1gjUQsqxHQ5TxxKuZuosyi7A==][Rh7sgjQGrvAB8cjjIVk8R+3aBmwormxr459NA5edlLN1S9tAe03p806v7N86FkVUuHwOmXSVPFMViGhrQqbBZw==][8T8LyZyfEXekTIJMFsOHWVf0lb8yONONp/OInqeBGR/eNaqEMqcjOKHxScuwgW+cjJlYoKvUBuOmuWqN0PfVsg==][HKhjB0SsBaGklNl0XR36Q+YB+rkVucDKpaDhtQbG9bJ2q+a7gc0DA6OIdg1RV7yQj9oO1Bngu9YoPRy2f3HncQ==][4xjWtikhBefZz3VT3hVetmgvBdtvEKAhSCdT/DCQOBEex17HisXzTqbZngca0kJd622zCLuHAuAjRpC+J1IMWw==]}
{"logTime": "0309/195630", "correlationVector":"nvpZukJw3HhTYQZ6siJz9p.2","action":"EncryptionKeysManager::SetEncryptionKeysWithTimestamps:", "result":"Success", "context":Key timestamps[10]:[2020-10-11T10:57:49Z][2022-10-23T14:32:17Z][2023-06-19T16:21:34Z][2023-11-23T13:55:45Z][2024-01-07T17:19:35Z][2024-04-12T14:38:55Z][2024-06-25T18:33:42Z][2024-07-12T09:35:29Z][2024-11-22T16:20:03Z][2025-03-01T17:34:46Z]}
{"logTime": "0309/195630", "correlationVector":"C387DfnKAI9GM7kJiYDtrS","action":"Initial GetUpdates", "result":"", "context":Reason: NEW_CLIENT. cV=C387DfnKAI9GM7kJiYDtrS}
{"logTime": "0309/195630", "correlationVector":"C387DfnKAI9GM7kJiYDtrS.3","action":"GetUpdates Response", "result":"Success", "context":Received 1 update(s). cV=C387DfnKAI9GM7kJiYDtrS.0;server=akswtt00500000u;cloudType=Consumer;environment=Prod_germanywestcentral_prod-s01-011-eur-germanywestcentral;migrationStage=NotStarted}
{"logTime": "0309/195630", "correlationVector":"rtGCDuLq0/qqox3V4ZhGMt","action":"Initial GetUpdates", "result":"", "context":Reason: NEWLY_SUPPORTED_DATATYPE. cV=rtGCDuLq0/qqox3V4ZhGMt}
{"logTime": "0309/195631", "correlationVector":"rtGCDuLq0/qqox3V4ZhGMt.1","action":"SyncServerConnectionManagerRequest", "result":"SYNC_SERVER_OK", "context":{"environment":"Prod_germanywestcentral_prod-s01-011-eur-germanywestcentral", "migrationStage":"NotStarted", "server":"akswtt005000031"}}
{"logTime": "0309/195631", "correlationVector":"rtGCDuLq0/qqox3V4ZhGMt.2","action":"ProcessGetUpdates", "result":"Done", "context":{"dataType":"Preferences", "deleted":"0", "process_failed_to_decrypt":"0", "process_pending_decryption":"0", "process_success":"67", "total":"67"}}
{"logTime": "0309/195631", "correlationVector":"rtGCDuLq0/qqox3V4ZhGMt.3","action":"ProcessGetUpdates", "result":"Done", "context":{"dataType":"Passwords", "deleted":"0", "process_failed_to_decrypt":"0", "process_pending_decryption":"0", "process_success":"16", "total":"16"}}
{"logTime": "0309/195631", "correlationVector":"rtGCDuLq0/qqox3V4ZhGMt.4","action":"ProcessGetUpdates", "result":"Done", "context":{"dataType":"Device Info", "deleted":"0", "process_failed_to_decrypt":"0", "process_pending_decryption":"0", "process_success":"4", "total":"4"}}
{"logTime": "0309/195631", "correlationVector":"rtGCDuLq0/qqox3V4ZhGMt.5","action":"GetUpdates Response", "result":"Success", "context":Received 87 update(s). cV=rtGCDuLq0/qqox3V4ZhGMt.0;server=akswtt005000031;cloudType=Consumer;environment=Prod_germanywestcentral_prod-s01-011-eur-germanywestcentral;migrationStage=NotStarted}
{"logTime": "0309/195631", "correlationVector":"izkb37TNMVRQo6jbsNMKIO","action":"Initial GetUpdates", "result":"", "context":Reason: NEWLY_SUPPORTED_DATATYPE. cV=izkb37TNMVRQo6jbsNMKIO}
{"logTime": "0309/195631", "correlationVector":"izkb37TNMVRQo6jbsNMKIO.1","action":"SyncServerConnectionManagerRequest", "result":"SYNC_SERVER_OK", "context":{"environment":"Prod_germanywestcentral_prod-s01-011-eur-germanywestcentral", "migrationStage":"NotStarted", "server":"akswtt005000012"}}
{"logTime": "0309/195631", "correlationVector":"izkb37TNMVRQo6jbsNMKIO.2","action":"ProcessGetUpdates", "result":"Done", "context":{"dataType":"Bookmarks", "deleted":"0", "process_failed_to_decrypt":"0", "process_pending_decryption":"0", "process_success":"9", "total":"9"}}
{"logTime": "0309/195631", "correlationVector":"izkb37TNMVRQo6jbsNMKIO.3","action":"GetUpdates Response", "result":"Success", "context":Received 9 update(s). cV=izkb37TNMVRQo6jbsNMKIO.0;server=akswtt005000012;cloudType=Consumer;environment=Prod_germanywestcentral_prod-s01-011-eur-germanywestcentral;migrationStage=NotStarted}
{"logTime": "0309/195631", "correlationVector":"Z7LtBx+eKl0FfRcajSxaQB","action":"Initial GetUpdates", "result":"", "context":Reason: NEWLY_SUPPORTED_DATATYPE. cV=Z7LtBx+eKl0FfRcajSxaQB}
{"logTime": "0309/195631", "correlationVector":"Z7LtBx+eKl0FfRcajSxaQB.1","action":"SyncServerConnectionManagerRequest", "result":"SYNC_SERVER_OK", "context":{"environment":"Prod_germanywestcentral_prod-s01-011-eur-germanywestcentral", "migrationStage":"NotStarted", "server":"akswtt00500001u"}}
{"logTime": "0309/195631", "correlationVector":"Z7LtBx+eKl0FfRcajSxaQB.2","action":"ProcessGetUpdates", "result":"Done", "context":{"dataType":"Autofill Profiles", "deleted":"0", "process_failed_to_decrypt":"0", "process_pending_decryption":"0", "process_success":"5", "total":"5"}}
{"logTime": "0309/195631", "correlationVector":"Z7LtBx+eKl0FfRcajSxaQB.3","action":"ProcessGetUpdates", "result":"Done", "context":{"dataType":"Autofill", "deleted":"0", "process_failed_to_decrypt":"0", "process_pending_decryption":"0", "process_success":"100", "total":"100"}}
{"logTime": "0309/195631", "correlationVector":"Z7LtBx+eKl0FfRcajSxaQB.4","action":"ProcessGetUpdates", "result":"Done", "context":{"dataType":"Sessions", "deleted":"22", "process_failed_to_decrypt":"0", "process_pending_decryption":"0", "process_success":"28", "total":"28"}}
{"logTime": "0309/195631", "correlationVector":"Z7LtBx+eKl0FfRcajSxaQB.5","action":"ProcessGetUpdates", "result":"Done", "context":{"dataType":"Edge Hub App Usage", "deleted":"1", "process_failed_to_decrypt":"0", "process_pending_decryption":"0", "process_success":"2", "total":"2"}}
{"logTime": "0309/195631", "correlationVector":"Z7LtBx+eKl0FfRcajSxaQB.6","action":"GetUpdates Response", "result":"Success", "context":Received 135 update(s). cV=Z7LtBx+eKl0FfRcajSxaQB.0;server=akswtt00500001u;cloudType=Consumer;environment=Prod_germanywestcentral_prod-s01-011-eur-germanywestcentral;migrationStage=NotStarted}
{"logTime": "0309/195631", "correlationVector":"U785p5xCaeiTOoJ76OL2Ax","action":"Initial GetUpdates", "result":"", "context":Reason: NEWLY_SUPPORTED_DATATYPE. cV=U785p5xCaeiTOoJ76OL2Ax}
{"logTime": "0309/195632", "correlationVector":"U785p5xCaeiTOoJ76OL2Ax.1","action":"SyncServerConnectionManagerRequest", "result":"SYNC_SERVER_OK", "context":{"environment":"Prod_germanywestcentral_prod-s01-011-eur-germanywestcentral", "migrationStage":"NotStarted", "server":"akswtt00500000o"}}
{"logTime": "0309/195632", "correlationVector":"U785p5xCaeiTOoJ76OL2Ax.2","action":"ProcessGetUpdates", "result":"Done", "context":{"dataType":"History", "deleted":"0", "process_failed_to_decrypt":"0", "process_pending_decryption":"0", "process_success":"65", "total":"65"}}
{"logTime": "0309/195632", "correlationVector":"U785p5xCaeiTOoJ76OL2Ax.3","action":"GetUpdates Response", "result":"Success", "context":Received 65 update(s). cV=U785p5xCaeiTOoJ76OL2Ax.0;server=akswtt00500000o;cloudType=Consumer;environment=Prod_germanywestcentral_prod-s01-011-eur-germanywestcentral;migrationStage=NotStarted}
{"logTime": "0309/195632", "correlationVector":"SxIzW2jjcTJGkNEQIkHgsD","action":"Normal GetUpdate request", "result":"", "context":cV=SxIzW2jjcTJGkNEQIkHgsD
Nudged types: Sessions, Device Info, User Consents, Edge Hub App Usage
Refresh requested types: Bookmarks, Preferences, Passwords, Autofill Profiles, Autofill, Extensions, Sessions, Extension settings, History Delete Directives, Device Info, User Consents, Send Tab To Self, Web Apps, History, Collection, Edge E Drop, Edge Hub App Usage, Edge Tab Group, Edge Wallet, Encryption Keys}
{"logTime": "0309/195632", "correlationVector":"SxIzW2jjcTJGkNEQIkHgsD.1","action":"SyncServerConnectionManagerRequest", "result":"SYNC_SERVER_OK", "context":{"environment":"Prod_germanywestcentral_prod-s01-011-eur-germanywestcentral", "migrationStage":"NotStarted", "server":"akswtt00500000k"}}
{"logTime": "0309/195632", "correlationVector":"SxIzW2jjcTJGkNEQIkHgsD.2","action":"GetUpdates Response", "result":"Success", "context":Received 0 update(s). cV=SxIzW2jjcTJGkNEQIkHgsD.0;server=akswtt00500000k;cloudType=Consumer;environment=Prod_germanywestcentral_prod-s01-011-eur-germanywestcentral;migrationStage=NotStarted}
{"logTime": "0309/195632", "correlationVector":"nuWqWIgeHaxJ9gEBJTSiCY","action":"DoCompareDataConsistency requsted types: ", "result":"Bookmarks, Preferences, Passwords, Extensions, Extension settings, History Delete Directives, Send Tab To Self, Web Apps, History, Collection, Edge E Drop, Edge Tab Group, Edge Wallet, Encryption Keys"}
{"logTime": "0309/195632", "correlationVector":"nuWqWIgeHaxJ9gEBJTSiCY.0","action":"CompareDataConsistency result: ", "result":"Compare result: Encryption Keys is consistent. local entities count is: 1 local entities hash is: 921cJwFOpZU3Aq0xDOVFZtW5/lA="}
{"logTime": "0309/195632", "correlationVector":"nuWqWIgeHaxJ9gEBJTSiCY.1","action":"CompareDataConsistency result: ", "result":"Compare result: Bookmarks is consistent. local entities count is: 4 local entities hash is: 2k6DYHGTLT56++gyy+HP7ebVqlo="}
{"logTime": "0309/195632", "correlationVector":"nuWqWIgeHaxJ9gEBJTSiCY.2","action":"CompareDataConsistency result: ", "result":"Compare result: Preferences is consistent. local entities count is: 67 local entities hash is: kqfxshf/2g1RYbPOh5Pqe12TmEE="}
{"logTime": "0309/195632", "correlationVector":"nuWqWIgeHaxJ9gEBJTSiCY.3","action":"CompareDataConsistency result: ", "result":"Compare result: Extensions is consistent. local entities count is: 0 local entities hash is: "}
{"logTime": "0309/195632", "correlationVector":"nuWqWIgeHaxJ9gEBJTSiCY.4","action":"CompareDataConsistency result: ", "result":"Compare result: Extension settings is consistent. local entities count is: 0 local entities hash is: "}
{"logTime": "0309/195632", "correlationVector":"nuWqWIgeHaxJ9gEBJTSiCY.5","action":"CompareDataConsistency result: ", "result":"Compare result: History Delete Directives is consistent. local entities count is: 0 local entities hash is: "}
{"logTime": "0309/195632", "correlationVector":"nuWqWIgeHaxJ9gEBJTSiCY.6","action":"CompareDataConsistency result: ", "result":"Server did not send this Send Tab To Self local entities count is: 0 local entities hash is: "}
{"logTime": "0309/195632", "correlationVector":"nuWqWIgeHaxJ9gEBJTSiCY.7","action":"CompareDataConsistency result: ", "result":"Compare result: Web Apps is consistent. local entities count is: 0 local entities hash is: "}
{"logTime": "0309/195632", "correlationVector":"nuWqWIgeHaxJ9gEBJTSiCY.8","action":"CompareDataConsistency result: ", "result":"Server did not send this History local entities count is: 0 local entities hash is: "}
{"logTime": "0309/195632", "correlationVector":"nuWqWIgeHaxJ9gEBJTSiCY.9","action":"CompareDataConsistency result: ", "result":"Compare result: Collection is consistent. local entities count is: 0 local entities hash is: "}
{"logTime": "0309/195632", "correlationVector":"nuWqWIgeHaxJ9gEBJTSiCY.10","action":"CompareDataConsistency result: ", "result":"Compare result: Edge E Drop is consistent. local entities count is: 0 local entities hash is: "}
{"logTime": "0309/195632", "correlationVector":"nuWqWIgeHaxJ9gEBJTSiCY.11","action":"CompareDataConsistency result: ", "result":"Compare result: Edge Tab Group is consistent. local entities count is: 0 local entities hash is: "}
{"logTime": "0309/195632", "correlationVector":"nuWqWIgeHaxJ9gEBJTSiCY.12","action":"CompareDataConsistency result: ", "result":"Compare result: Edge Wallet is consistent. local entities count is: 0 local entities hash is: "}
{"logTime": "0309/195632", "correlationVector":"nuWqWIgeHaxJ9gEBJTSiCY.13","action":"CompareDataConsistency result: ", "result":"Compare result: Passwords is consistent. local entities count is: 16 local entities hash is: ydq2TJzq6ID/pYOcSUJfiye8qts="}
{"logTime": "0309/195632", "correlationVector":"OFskikYOtffcb43c28o7Wb","action":"Commit Request", "result":"", "context":Item count: 6
Contributing types: Sessions, Device Info, User Consents, Edge Hub App Usage}
{"logTime": "0309/195632", "correlationVector":"OFskikYOtffcb43c28o7Wb.1","action":"SyncServerConnectionManagerRequest", "result":"SYNC_SERVER_OK", "context":{"environment":"Prod_germanywestcentral_prod-s01-011-eur-germanywestcentral", "migrationStage":"NotStarted", "server":"akswtt00500001a"}}
{"logTime": "0309/195632", "correlationVector":"OFskikYOtffcb43c28o7Wb.2","action":"Commit Response", "result":"Success", "context":Result: Success. cV=OFskikYOtffcb43c28o7Wb.0;server=akswtt00500001a;cloudType=Consumer;environment=Prod_germanywestcentral_prod-s01-011-eur-germanywestcentral;migrationStage=NotStarted}
{"logTime": "0309/195639", "correlationVector":"","action":"DIAGNOSTIC_REQUEST|v1/diagnosticData/Diagnostic.SendCheckResult()|SUCCESS", "result":""}
